<?xml version="1.0" encoding="UTF-8"?>
<coverage generated="1650517160">
  <project timestamp="1650517160">
    <file name="/Users/kulikovroman/code-study/php-hexlet/php-project-lvl2/src/Diff.php">
      <line num="11" type="stmt" count="1"/>
      <line num="12" type="stmt" count="1"/>
      <line num="13" type="stmt" count="1"/>
      <line num="14" type="stmt" count="1"/>
      <line num="20" type="stmt" count="1"/>
      <line num="21" type="stmt" count="1"/>
      <line num="27" type="stmt" count="1"/>
      <line num="28" type="stmt" count="1"/>
      <line num="29" type="stmt" count="1"/>
      <line num="30" type="stmt" count="1"/>
      <line num="32" type="stmt" count="1"/>
      <line num="33" type="stmt" count="1"/>
      <line num="34" type="stmt" count="1"/>
      <line num="36" type="stmt" count="1"/>
      <line num="38" type="stmt" count="1"/>
      <line num="39" type="stmt" count="1"/>
      <line num="40" type="stmt" count="1"/>
      <line num="44" type="stmt" count="1"/>
      <line num="46" type="stmt" count="1"/>
      <line num="47" type="stmt" count="1"/>
      <line num="48" type="stmt" count="1"/>
      <line num="52" type="stmt" count="1"/>
      <line num="54" type="stmt" count="1"/>
      <line num="55" type="stmt" count="1"/>
      <line num="56" type="stmt" count="1"/>
      <line num="60" type="stmt" count="1"/>
      <line num="62" type="stmt" count="1"/>
      <line num="63" type="stmt" count="1"/>
      <line num="64" type="stmt" count="1"/>
      <line num="65" type="stmt" count="1"/>
      <line num="70" type="stmt" count="1"/>
      <line num="71" type="stmt" count="1"/>
      <line num="72" type="stmt" count="1"/>
      <line num="76" type="stmt" count="1"/>
      <metrics loc="77" ncloc="77" classes="0" methods="0" coveredmethods="0" conditionals="0" coveredconditionals="0" statements="34" coveredstatements="34" elements="34" coveredelements="34"/>
    </file>
    <file name="/Users/kulikovroman/code-study/php-hexlet/php-project-lvl2/src/Formatters.php">
      <line num="11" type="stmt" count="1"/>
      <line num="12" type="stmt" count="1"/>
      <line num="13" type="stmt" count="1"/>
      <line num="14" type="stmt" count="0"/>
      <line num="15" type="stmt" count="0"/>
      <line num="16" type="stmt" count="0"/>
      <line num="17" type="stmt" count="0"/>
      <line num="19" type="stmt" count="0"/>
      <metrics loc="21" ncloc="21" classes="0" methods="0" coveredmethods="0" conditionals="0" coveredconditionals="0" statements="8" coveredstatements="3" elements="8" coveredelements="3"/>
    </file>
    <file name="/Users/kulikovroman/code-study/php-hexlet/php-project-lvl2/src/Parser.php">
      <line num="9" type="stmt" count="1"/>
      <line num="10" type="stmt" count="1"/>
      <line num="11" type="stmt" count="1"/>
      <line num="12" type="stmt" count="1"/>
      <line num="15" type="stmt" count="1"/>
      <line num="16" type="stmt" count="1"/>
      <line num="17" type="stmt" count="1"/>
      <line num="18" type="stmt" count="1"/>
      <line num="19" type="stmt" count="1"/>
      <line num="22" type="stmt" count="0"/>
      <metrics loc="23" ncloc="23" classes="0" methods="0" coveredmethods="0" conditionals="0" coveredconditionals="0" statements="10" coveredstatements="9" elements="10" coveredelements="9"/>
    </file>
    <file name="/Users/kulikovroman/code-study/php-hexlet/php-project-lvl2/src/formatters/Json.php">
      <line num="7" type="stmt" count="0"/>
      <metrics loc="8" ncloc="8" classes="0" methods="0" coveredmethods="0" conditionals="0" coveredconditionals="0" statements="1" coveredstatements="0" elements="1" coveredelements="0"/>
    </file>
    <file name="/Users/kulikovroman/code-study/php-hexlet/php-project-lvl2/src/formatters/Plain.php">
      <line num="9" type="stmt" count="0"/>
      <line num="14" type="stmt" count="0"/>
      <line num="16" type="stmt" count="0"/>
      <line num="17" type="stmt" count="0"/>
      <line num="20" type="stmt" count="0"/>
      <line num="21" type="stmt" count="0"/>
      <line num="22" type="stmt" count="0"/>
      <line num="24" type="stmt" count="0"/>
      <line num="25" type="stmt" count="0"/>
      <line num="26" type="stmt" count="0"/>
      <line num="27" type="stmt" count="0"/>
      <line num="30" type="stmt" count="0"/>
      <line num="31" type="stmt" count="0"/>
      <line num="32" type="stmt" count="0"/>
      <line num="33" type="stmt" count="0"/>
      <line num="34" type="stmt" count="0"/>
      <line num="37" type="stmt" count="0"/>
      <line num="38" type="stmt" count="0"/>
      <line num="39" type="stmt" count="0"/>
      <line num="40" type="stmt" count="0"/>
      <line num="41" type="stmt" count="0"/>
      <line num="42" type="stmt" count="0"/>
      <line num="43" type="stmt" count="0"/>
      <line num="44" type="stmt" count="0"/>
      <line num="45" type="stmt" count="0"/>
      <line num="46" type="stmt" count="0"/>
      <line num="47" type="stmt" count="0"/>
      <line num="48" type="stmt" count="0"/>
      <line num="49" type="stmt" count="0"/>
      <line num="51" type="stmt" count="0"/>
      <line num="57" type="stmt" count="0"/>
      <line num="58" type="stmt" count="0"/>
      <line num="61" type="stmt" count="0"/>
      <line num="62" type="stmt" count="0"/>
      <line num="65" type="stmt" count="0"/>
      <metrics loc="66" ncloc="66" classes="0" methods="0" coveredmethods="0" conditionals="0" coveredconditionals="0" statements="35" coveredstatements="0" elements="35" coveredelements="0"/>
    </file>
    <file name="/Users/kulikovroman/code-study/php-hexlet/php-project-lvl2/src/formatters/Stylish.php">
      <line num="13" type="stmt" count="1"/>
      <line num="18" type="stmt" count="1"/>
      <line num="20" type="stmt" count="1"/>
      <line num="22" type="stmt" count="1"/>
      <line num="23" type="stmt" count="1"/>
      <line num="24" type="stmt" count="1"/>
      <line num="26" type="stmt" count="1"/>
      <line num="27" type="stmt" count="1"/>
      <line num="28" type="stmt" count="1"/>
      <line num="29" type="stmt" count="1"/>
      <line num="32" type="stmt" count="1"/>
      <line num="33" type="stmt" count="1"/>
      <line num="34" type="stmt" count="1"/>
      <line num="35" type="stmt" count="1"/>
      <line num="36" type="stmt" count="1"/>
      <line num="39" type="stmt" count="1"/>
      <line num="40" type="stmt" count="1"/>
      <line num="41" type="stmt" count="1"/>
      <line num="42" type="stmt" count="1"/>
      <line num="43" type="stmt" count="1"/>
      <line num="44" type="stmt" count="1"/>
      <line num="45" type="stmt" count="1"/>
      <line num="46" type="stmt" count="1"/>
      <line num="47" type="stmt" count="1"/>
      <line num="48" type="stmt" count="1"/>
      <line num="49" type="stmt" count="1"/>
      <line num="50" type="stmt" count="1"/>
      <line num="51" type="stmt" count="1"/>
      <line num="52" type="stmt" count="1"/>
      <line num="54" type="stmt" count="1"/>
      <line num="55" type="stmt" count="1"/>
      <line num="56" type="stmt" count="1"/>
      <line num="57" type="stmt" count="1"/>
      <line num="60" type="stmt" count="1"/>
      <line num="61" type="stmt" count="1"/>
      <line num="62" type="stmt" count="1"/>
      <line num="66" type="stmt" count="1"/>
      <line num="68" type="stmt" count="0"/>
      <line num="74" type="stmt" count="0"/>
      <line num="75" type="stmt" count="0"/>
      <line num="78" type="stmt" count="0"/>
      <line num="79" type="stmt" count="0"/>
      <line num="82" type="stmt" count="0"/>
      <line num="83" type="stmt" count="0"/>
      <line num="84" type="stmt" count="0"/>
      <line num="87" type="stmt" count="0"/>
      <line num="88" type="stmt" count="0"/>
      <line num="91" type="stmt" count="0"/>
      <line num="92" type="stmt" count="0"/>
      <line num="93" type="stmt" count="0"/>
      <line num="94" type="stmt" count="0"/>
      <line num="95" type="stmt" count="0"/>
      <line num="96" type="stmt" count="0"/>
      <line num="98" type="stmt" count="0"/>
      <line num="99" type="stmt" count="0"/>
      <line num="100" type="stmt" count="0"/>
      <line num="105" type="stmt" count="1"/>
      <line num="106" type="stmt" count="1"/>
      <line num="109" type="stmt" count="1"/>
      <line num="110" type="stmt" count="1"/>
      <line num="113" type="stmt" count="1"/>
      <line num="114" type="stmt" count="1"/>
      <line num="115" type="stmt" count="1"/>
      <line num="118" type="stmt" count="1"/>
      <line num="119" type="stmt" count="1"/>
      <line num="121" type="stmt" count="1"/>
      <line num="122" type="stmt" count="1"/>
      <line num="123" type="stmt" count="1"/>
      <line num="127" type="stmt" count="1"/>
      <line num="128" type="stmt" count="1"/>
      <line num="131" type="stmt" count="1"/>
      <line num="136" type="stmt" count="1"/>
      <line num="141" type="stmt" count="1"/>
      <metrics loc="142" ncloc="139" classes="0" methods="0" coveredmethods="0" conditionals="0" coveredconditionals="0" statements="73" coveredstatements="54" elements="73" coveredelements="54"/>
    </file>
    <metrics files="6" loc="337" ncloc="334" classes="0" methods="0" coveredmethods="0" conditionals="0" coveredconditionals="0" statements="161" coveredstatements="100" elements="161" coveredelements="100"/>
  </project>
</coverage>
